  [1m[35m (1.1ms)[0m  [1m[35mCREATE DATABASE "ninety_nine_cats_development" ENCODING = 'unicode'[0m
  [1m[35m (0.7ms)[0m  [1m[35mCREATE DATABASE "ninety_nine_cats_test" ENCODING = 'unicode'[0m
  [1m[35m (2.3ms)[0m  [1m[34mSELECT "schema_migrations"."version" FROM "schema_migrations" ORDER BY "schema_migrations"."version" ASC[0m
  [1m[35m (4.7ms)[0m  [1m[34mSELECT "ar_internal_metadata"."value" FROM "ar_internal_metadata" WHERE "ar_internal_metadata"."key" = $1[0m  [["key", "environment"]]
  [1m[35m (0.2ms)[0m  [1m[34mSELECT "schema_migrations"."version" FROM "schema_migrations" ORDER BY "schema_migrations"."version" ASC[0m
  [1m[35m (0.1ms)[0m  [1m[34mSELECT "ar_internal_metadata"."value" FROM "ar_internal_metadata" WHERE "ar_internal_metadata"."key" = $1[0m  [["key", "environment"]]
  [1m[35m (0.1ms)[0m  [1m[34mSELECT "schema_migrations"."version" FROM "schema_migrations" ORDER BY "schema_migrations"."version" ASC[0m
  [1m[35m (0.2ms)[0m  [1m[34mSELECT "ar_internal_metadata"."value" FROM "ar_internal_metadata" WHERE "ar_internal_metadata"."key" = $1[0m  [["key", "environment"]]
  [1m[35mSQL (1.7ms)[0m  [1m[35mCREATE EXTENSION IF NOT EXISTS "plpgsql"[0m
  [1m[35m (22.9ms)[0m  [1m[35mDROP TABLE IF EXISTS "cat_rental_requests" CASCADE[0m
  [1m[35m (17.0ms)[0m  [1m[35mCREATE TABLE "cat_rental_requests" ("id" bigserial primary key, "cat_id" integer NOT NULL, "end_date" date NOT NULL, "start_date" date NOT NULL, "status" character varying NOT NULL, "created_at" timestamp NOT NULL, "updated_at" timestamp NOT NULL, "user_id" integer NOT NULL)[0m
  [1m[35m (1.1ms)[0m  [1m[35mCREATE  INDEX  "index_cat_rental_requests_on_cat_id" ON "cat_rental_requests"  ("cat_id")[0m
  [1m[35m (1.1ms)[0m  [1m[35mCREATE  INDEX  "index_cat_rental_requests_on_user_id" ON "cat_rental_requests"  ("user_id")[0m
  [1m[35m (2.5ms)[0m  [1m[35mDROP TABLE IF EXISTS "cats" CASCADE[0m
  [1m[35m (4.3ms)[0m  [1m[35mCREATE TABLE "cats" ("id" bigserial primary key, "birth_date" date NOT NULL, "color" character varying NOT NULL, "name" character varying NOT NULL, "sex" character varying(1) NOT NULL, "description" text, "created_at" timestamp NOT NULL, "updated_at" timestamp NOT NULL, "user_id" integer NOT NULL)[0m
  [1m[35m (1.3ms)[0m  [1m[35mCREATE  INDEX  "index_cats_on_user_id" ON "cats"  ("user_id")[0m
  [1m[35m (0.5ms)[0m  [1m[35mDROP TABLE IF EXISTS "users" CASCADE[0m
  [1m[35m (64.1ms)[0m  [1m[35mCREATE TABLE "users" ("id" bigserial primary key, "password_digest" character varying NOT NULL, "session_token" character varying NOT NULL, "username" character varying NOT NULL, "created_at" timestamp NOT NULL, "updated_at" timestamp NOT NULL)[0m
  [1m[35m (1.8ms)[0m  [1m[35mCREATE UNIQUE INDEX  "index_users_on_session_token" ON "users"  ("session_token")[0m
  [1m[35m (1.1ms)[0m  [1m[35mCREATE UNIQUE INDEX  "index_users_on_username" ON "users"  ("username")[0m
  [1m[35m (0.8ms)[0m  [1m[34mSELECT "schema_migrations"."version" FROM "schema_migrations" ORDER BY "schema_migrations"."version" ASC[0m
  [1m[35m (0.9ms)[0m  [1m[32mINSERT INTO "schema_migrations" (version) VALUES
(20170714033951),
(20170714042324),
(20170714042032),
(20170714033817);

[0m
  [1m[36mActiveRecord::InternalMetadata Load (0.6ms)[0m  [1m[34mSELECT  "ar_internal_metadata".* FROM "ar_internal_metadata" WHERE "ar_internal_metadata"."key" = $1 LIMIT $2[0m  [["key", "environment"], ["LIMIT", 1]]
  [1m[35m (0.1ms)[0m  [1m[35mBEGIN[0m
  [1m[35m (0.2ms)[0m  [1m[35mCOMMIT[0m
  [1m[36mActiveRecord::InternalMetadata Load (0.2ms)[0m  [1m[34mSELECT  "ar_internal_metadata".* FROM "ar_internal_metadata" WHERE "ar_internal_metadata"."key" = $1 LIMIT $2[0m  [["key", "environment"], ["LIMIT", 1]]
  [1m[35m (0.1ms)[0m  [1m[35mBEGIN[0m
  [1m[35m (0.1ms)[0m  [1m[35mCOMMIT[0m
  [1m[35mSQL (2.1ms)[0m  [1m[35mCREATE EXTENSION IF NOT EXISTS "plpgsql"[0m
  [1m[35m (11.1ms)[0m  [1m[35mDROP TABLE IF EXISTS "cat_rental_requests" CASCADE[0m
  [1m[35m (12.3ms)[0m  [1m[35mCREATE TABLE "cat_rental_requests" ("id" bigserial primary key, "cat_id" integer NOT NULL, "end_date" date NOT NULL, "start_date" date NOT NULL, "status" character varying NOT NULL, "created_at" timestamp NOT NULL, "updated_at" timestamp NOT NULL, "user_id" integer NOT NULL)[0m
  [1m[35m (0.9ms)[0m  [1m[35mCREATE  INDEX  "index_cat_rental_requests_on_cat_id" ON "cat_rental_requests"  ("cat_id")[0m
  [1m[35m (0.8ms)[0m  [1m[35mCREATE  INDEX  "index_cat_rental_requests_on_user_id" ON "cat_rental_requests"  ("user_id")[0m
  [1m[35m (1.9ms)[0m  [1m[35mDROP TABLE IF EXISTS "cats" CASCADE[0m
  [1m[35m (4.8ms)[0m  [1m[35mCREATE TABLE "cats" ("id" bigserial primary key, "birth_date" date NOT NULL, "color" character varying NOT NULL, "name" character varying NOT NULL, "sex" character varying(1) NOT NULL, "description" text, "created_at" timestamp NOT NULL, "updated_at" timestamp NOT NULL, "user_id" integer NOT NULL)[0m
  [1m[35m (0.9ms)[0m  [1m[35mCREATE  INDEX  "index_cats_on_user_id" ON "cats"  ("user_id")[0m
  [1m[35m (0.2ms)[0m  [1m[35mDROP TABLE IF EXISTS "users" CASCADE[0m
  [1m[35m (5.1ms)[0m  [1m[35mCREATE TABLE "users" ("id" bigserial primary key, "password_digest" character varying NOT NULL, "session_token" character varying NOT NULL, "username" character varying NOT NULL, "created_at" timestamp NOT NULL, "updated_at" timestamp NOT NULL)[0m
  [1m[35m (1.2ms)[0m  [1m[35mCREATE UNIQUE INDEX  "index_users_on_session_token" ON "users"  ("session_token")[0m
  [1m[35m (1.1ms)[0m  [1m[35mCREATE UNIQUE INDEX  "index_users_on_username" ON "users"  ("username")[0m
  [1m[35m (0.9ms)[0m  [1m[34mSELECT "schema_migrations"."version" FROM "schema_migrations" ORDER BY "schema_migrations"."version" ASC[0m
  [1m[35m (0.5ms)[0m  [1m[32mINSERT INTO "schema_migrations" (version) VALUES
(20170714033951),
(20170714042324),
(20170714042032),
(20170714033817);

[0m
  [1m[36mActiveRecord::InternalMetadata Load (0.6ms)[0m  [1m[34mSELECT  "ar_internal_metadata".* FROM "ar_internal_metadata" WHERE "ar_internal_metadata"."key" = $1 LIMIT $2[0m  [["key", "environment"], ["LIMIT", 1]]
  [1m[35m (0.1ms)[0m  [1m[35mBEGIN[0m
  [1m[36mActiveRecord::InternalMetadata Update (0.4ms)[0m  [1m[33mUPDATE "ar_internal_metadata" SET "value" = $1, "updated_at" = $2 WHERE "ar_internal_metadata"."key" = $3[0m  [["value", "development"], ["updated_at", "2020-08-21 14:36:49.593940"], ["key", "environment"]]
  [1m[35m (0.3ms)[0m  [1m[35mCOMMIT[0m
  [1m[36mActiveRecord::InternalMetadata Load (0.3ms)[0m  [1m[34mSELECT  "ar_internal_metadata".* FROM "ar_internal_metadata" WHERE "ar_internal_metadata"."key" = $1 LIMIT $2[0m  [["key", "environment"], ["LIMIT", 1]]
  [1m[35m (0.1ms)[0m  [1m[35mBEGIN[0m
  [1m[36mActiveRecord::InternalMetadata Update (0.3ms)[0m  [1m[33mUPDATE "ar_internal_metadata" SET "value" = $1, "updated_at" = $2 WHERE "ar_internal_metadata"."key" = $3[0m  [["value", "test"], ["updated_at", "2020-08-21 14:36:49.597113"], ["key", "environment"]]
  [1m[35m (0.2ms)[0m  [1m[35mCOMMIT[0m
  [1m[35m (0.9ms)[0m  [1m[34mSELECT "schema_migrations"."version" FROM "schema_migrations" ORDER BY "schema_migrations"."version" ASC[0m
  [1m[36mUser Load (0.9ms)[0m  [1m[34mSELECT "users".* FROM "users"[0m
  [1m[36mCat Load (0.6ms)[0m  [1m[34mSELECT "cats".* FROM "cats"[0m
  [1m[36mCatRentalRequest Load (0.7ms)[0m  [1m[34mSELECT "cat_rental_requests".* FROM "cat_rental_requests"[0m
  [1m[35m (0.2ms)[0m  [1m[35mBEGIN[0m
  [1m[36mUser Exists (0.4ms)[0m  [1m[34mSELECT  1 AS one FROM "users" WHERE "users"."username" = $1 LIMIT $2[0m  [["username", "Marty Becker"], ["LIMIT", 1]]
  [1m[36mUser Exists (0.3ms)[0m  [1m[34mSELECT  1 AS one FROM "users" WHERE "users"."session_token" = $1 LIMIT $2[0m  [["session_token", "5aURq12VCmJwxbaNmtcHDg"], ["LIMIT", 1]]
  [1m[36mUser Create (0.7ms)[0m  [1m[32mINSERT INTO "users" ("password_digest", "session_token", "username", "created_at", "updated_at") VALUES ($1, $2, $3, $4, $5) RETURNING "id"[0m  [["password_digest", "$2a$12$SePTV6pEzT/teGfAqsk5Huj7kpjhfoMsZv5XCCT1zOx9GcGShPwmi"], ["session_token", "5aURq12VCmJwxbaNmtcHDg"], ["username", "Marty Becker"], ["created_at", "2020-08-21 14:36:50.847878"], ["updated_at", "2020-08-21 14:36:50.847878"]]
  [1m[35m (0.4ms)[0m  [1m[35mCOMMIT[0m
  [1m[35m (0.2ms)[0m  [1m[35mBEGIN[0m
  [1m[36mUser Load (0.3ms)[0m  [1m[34mSELECT  "users".* FROM "users" WHERE "users"."id" = $1 LIMIT $2[0m  [["id", 1], ["LIMIT", 1]]
  [1m[36mCat Create (0.8ms)[0m  [1m[32mINSERT INTO "cats" ("birth_date", "color", "name", "sex", "description", "created_at", "updated_at", "user_id") VALUES ($1, $2, $3, $4, $5, $6, $7, $8) RETURNING "id"[0m  [["birth_date", "2011-11-27"], ["color", "white"], ["name", "leggings"], ["sex", "M"], ["description", "Scenester disrupt distillery gluten-free intelligentsia drinking."], ["created_at", "2020-08-21 14:36:50.872755"], ["updated_at", "2020-08-21 14:36:50.872755"], ["user_id", 1]]
  [1m[35m (0.3ms)[0m  [1m[35mCOMMIT[0m
  [1m[36mCat Load (0.3ms)[0m  [1m[34mSELECT  "cats".* FROM "cats" ORDER BY "cats"."id" DESC LIMIT $1[0m  [["LIMIT", 1]]
  [1m[36mUser Load (0.2ms)[0m  [1m[34mSELECT  "users".* FROM "users" ORDER BY "users"."id" DESC LIMIT $1[0m  [["LIMIT", 1]]
  [1m[35m (0.1ms)[0m  [1m[35mBEGIN[0m
  [1m[36mCatRentalRequest Exists (0.6ms)[0m  [1m[34mSELECT  1 AS one FROM "cat_rental_requests" WHERE "cat_rental_requests"."id" IS NOT NULL AND "cat_rental_requests"."cat_id" = $1 AND NOT (start_date > '2019-01-28' OR end_date < '2019-01-01') AND (status = 'APPROVED') LIMIT $2[0m  [["cat_id", 1], ["LIMIT", 1]]
  [1m[36mCat Load (0.3ms)[0m  [1m[34mSELECT  "cats".* FROM "cats" WHERE "cats"."id" = $1 LIMIT $2[0m  [["id", 1], ["LIMIT", 1]]
  [1m[36mUser Load (0.3ms)[0m  [1m[34mSELECT  "users".* FROM "users" WHERE "users"."id" = $1 LIMIT $2[0m  [["id", 1], ["LIMIT", 1]]
  [1m[36mCatRentalRequest Create (0.6ms)[0m  [1m[32mINSERT INTO "cat_rental_requests" ("cat_id", "end_date", "start_date", "status", "created_at", "updated_at", "user_id") VALUES ($1, $2, $3, $4, $5, $6, $7) RETURNING "id"[0m  [["cat_id", 1], ["end_date", "2019-01-28"], ["start_date", "2019-01-01"], ["status", "APPROVED"], ["created_at", "2020-08-21 14:36:50.890478"], ["updated_at", "2020-08-21 14:36:50.890478"], ["user_id", 1]]
  [1m[35m (0.3ms)[0m  [1m[35mCOMMIT[0m
  [1m[35m (0.1ms)[0m  [1m[35mBEGIN[0m
  [1m[36mUser Exists (0.3ms)[0m  [1m[34mSELECT  1 AS one FROM "users" WHERE "users"."username" = $1 LIMIT $2[0m  [["username", "Horacio VonRueden"], ["LIMIT", 1]]
  [1m[36mUser Exists (0.2ms)[0m  [1m[34mSELECT  1 AS one FROM "users" WHERE "users"."session_token" = $1 LIMIT $2[0m  [["session_token", "kVMOC_ejhRTXxG0V_EuVEQ"], ["LIMIT", 1]]
  [1m[36mUser Create (0.3ms)[0m  [1m[32mINSERT INTO "users" ("password_digest", "session_token", "username", "created_at", "updated_at") VALUES ($1, $2, $3, $4, $5) RETURNING "id"[0m  [["password_digest", "$2a$12$M7n08G8eyJL2VOqXGiBbZeM0O2WsRt4H/kjnWnzhcb93k.uPfPhmm"], ["session_token", "kVMOC_ejhRTXxG0V_EuVEQ"], ["username", "Horacio VonRueden"], ["created_at", "2020-08-21 14:36:51.103266"], ["updated_at", "2020-08-21 14:36:51.103266"]]
  [1m[35m (0.7ms)[0m  [1m[35mCOMMIT[0m
  [1m[35m (0.1ms)[0m  [1m[35mBEGIN[0m
  [1m[36mUser Load (0.3ms)[0m  [1m[34mSELECT  "users".* FROM "users" WHERE "users"."id" = $1 LIMIT $2[0m  [["id", 2], ["LIMIT", 1]]
  [1m[36mCat Create (0.4ms)[0m  [1m[32mINSERT INTO "cats" ("birth_date", "color", "name", "sex", "description", "created_at", "updated_at", "user_id") VALUES ($1, $2, $3, $4, $5, $6, $7, $8) RETURNING "id"[0m  [["birth_date", "2018-05-06"], ["color", "orange"], ["name", "biodiesel"], ["sex", "M"], ["description", "Cred hoodie fanny pack chia biodiesel vegan godard."], ["created_at", "2020-08-21 14:36:51.106740"], ["updated_at", "2020-08-21 14:36:51.106740"], ["user_id", 2]]
  [1m[35m (0.3ms)[0m  [1m[35mCOMMIT[0m
  [1m[36mCat Load (0.2ms)[0m  [1m[34mSELECT  "cats".* FROM "cats" ORDER BY "cats"."id" DESC LIMIT $1[0m  [["LIMIT", 1]]
  [1m[36mUser Load (0.3ms)[0m  [1m[34mSELECT  "users".* FROM "users" ORDER BY "users"."id" DESC LIMIT $1[0m  [["LIMIT", 1]]
  [1m[35m (0.1ms)[0m  [1m[35mBEGIN[0m
  [1m[36mCatRentalRequest Exists (0.4ms)[0m  [1m[34mSELECT  1 AS one FROM "cat_rental_requests" WHERE "cat_rental_requests"."id" IS NOT NULL AND "cat_rental_requests"."cat_id" = $1 AND NOT (start_date > '2019-01-28' OR end_date < '2019-01-01') AND (status = 'APPROVED') LIMIT $2[0m  [["cat_id", 2], ["LIMIT", 1]]
  [1m[36mCat Load (0.2ms)[0m  [1m[34mSELECT  "cats".* FROM "cats" WHERE "cats"."id" = $1 LIMIT $2[0m  [["id", 2], ["LIMIT", 1]]
  [1m[36mUser Load (0.2ms)[0m  [1m[34mSELECT  "users".* FROM "users" WHERE "users"."id" = $1 LIMIT $2[0m  [["id", 2], ["LIMIT", 1]]
  [1m[36mCatRentalRequest Create (0.3ms)[0m  [1m[32mINSERT INTO "cat_rental_requests" ("cat_id", "end_date", "start_date", "status", "created_at", "updated_at", "user_id") VALUES ($1, $2, $3, $4, $5, $6, $7) RETURNING "id"[0m  [["cat_id", 2], ["end_date", "2019-01-28"], ["start_date", "2019-01-01"], ["status", "APPROVED"], ["created_at", "2020-08-21 14:36:51.112367"], ["updated_at", "2020-08-21 14:36:51.112367"], ["user_id", 2]]
  [1m[35m (0.4ms)[0m  [1m[35mCOMMIT[0m
  [1m[35m (0.2ms)[0m  [1m[35mBEGIN[0m
  [1m[36mUser Exists (0.3ms)[0m  [1m[34mSELECT  1 AS one FROM "users" WHERE "users"."username" = $1 LIMIT $2[0m  [["username", "Nobuko Muller"], ["LIMIT", 1]]
  [1m[36mUser Exists (0.2ms)[0m  [1m[34mSELECT  1 AS one FROM "users" WHERE "users"."session_token" = $1 LIMIT $2[0m  [["session_token", "fIhrG6A4oil6aLemk_uZsQ"], ["LIMIT", 1]]
  [1m[36mUser Create (0.3ms)[0m  [1m[32mINSERT INTO "users" ("password_digest", "session_token", "username", "created_at", "updated_at") VALUES ($1, $2, $3, $4, $5) RETURNING "id"[0m  [["password_digest", "$2a$12$lAlkp5TbtiFv8REHcNtul.IAO0y8JgAO2C9TyUox1Mkv.DNURDSn2"], ["session_token", "fIhrG6A4oil6aLemk_uZsQ"], ["username", "Nobuko Muller"], ["created_at", "2020-08-21 14:36:51.324286"], ["updated_at", "2020-08-21 14:36:51.324286"]]
  [1m[35m (0.6ms)[0m  [1m[35mCOMMIT[0m
  [1m[35m (0.1ms)[0m  [1m[35mBEGIN[0m
  [1m[36mUser Load (0.2ms)[0m  [1m[34mSELECT  "users".* FROM "users" WHERE "users"."id" = $1 LIMIT $2[0m  [["id", 3], ["LIMIT", 1]]
  [1m[36mCat Create (0.3ms)[0m  [1m[32mINSERT INTO "cats" ("birth_date", "color", "name", "sex", "description", "created_at", "updated_at", "user_id") VALUES ($1, $2, $3, $4, $5, $6, $7, $8) RETURNING "id"[0m  [["birth_date", "2018-09-04"], ["color", "orange"], ["name", "chillwave"], ["sex", "M"], ["description", "Mlkshk blue bottle +1 williamsburg."], ["created_at", "2020-08-21 14:36:51.327354"], ["updated_at", "2020-08-21 14:36:51.327354"], ["user_id", 3]]
  [1m[35m (0.2ms)[0m  [1m[35mCOMMIT[0m
  [1m[36mCat Load (0.2ms)[0m  [1m[34mSELECT  "cats".* FROM "cats" ORDER BY "cats"."id" DESC LIMIT $1[0m  [["LIMIT", 1]]
  [1m[36mUser Load (0.2ms)[0m  [1m[34mSELECT  "users".* FROM "users" ORDER BY "users"."id" DESC LIMIT $1[0m  [["LIMIT", 1]]
  [1m[35m (0.1ms)[0m  [1m[35mBEGIN[0m
  [1m[36mCatRentalRequest Exists (0.3ms)[0m  [1m[34mSELECT  1 AS one FROM "cat_rental_requests" WHERE "cat_rental_requests"."id" IS NOT NULL AND "cat_rental_requests"."cat_id" = $1 AND NOT (start_date > '2019-01-28' OR end_date < '2019-01-01') AND (status = 'APPROVED') LIMIT $2[0m  [["cat_id", 3], ["LIMIT", 1]]
  [1m[36mCat Load (0.2ms)[0m  [1m[34mSELECT  "cats".* FROM "cats" WHERE "cats"."id" = $1 LIMIT $2[0m  [["id", 3], ["LIMIT", 1]]
  [1m[36mUser Load (0.2ms)[0m  [1m[34mSELECT  "users".* FROM "users" WHERE "users"."id" = $1 LIMIT $2[0m  [["id", 3], ["LIMIT", 1]]
  [1m[36mCatRentalRequest Create (0.3ms)[0m  [1m[32mINSERT INTO "cat_rental_requests" ("cat_id", "end_date", "start_date", "status", "created_at", "updated_at", "user_id") VALUES ($1, $2, $3, $4, $5, $6, $7) RETURNING "id"[0m  [["cat_id", 3], ["end_date", "2019-01-28"], ["start_date", "2019-01-01"], ["status", "APPROVED"], ["created_at", "2020-08-21 14:36:51.332263"], ["updated_at", "2020-08-21 14:36:51.332263"], ["user_id", 3]]
  [1m[35m (0.3ms)[0m  [1m[35mCOMMIT[0m
  [1m[35m (0.1ms)[0m  [1m[35mBEGIN[0m
  [1m[36mUser Exists (0.3ms)[0m  [1m[34mSELECT  1 AS one FROM "users" WHERE "users"."username" = $1 LIMIT $2[0m  [["username", "Lajuana Moen VM"], ["LIMIT", 1]]
  [1m[36mUser Exists (0.2ms)[0m  [1m[34mSELECT  1 AS one FROM "users" WHERE "users"."session_token" = $1 LIMIT $2[0m  [["session_token", "cwBbxeXE_OXbl4jBWPa1sA"], ["LIMIT", 1]]
  [1m[36mUser Create (0.3ms)[0m  [1m[32mINSERT INTO "users" ("password_digest", "session_token", "username", "created_at", "updated_at") VALUES ($1, $2, $3, $4, $5) RETURNING "id"[0m  [["password_digest", "$2a$12$Mu7oQ7qUSkAaVuELkLB1GuNtyr5y6AGw9.PuhHNHBq.w50XkQ.6Hq"], ["session_token", "cwBbxeXE_OXbl4jBWPa1sA"], ["username", "Lajuana Moen VM"], ["created_at", "2020-08-21 14:36:51.544011"], ["updated_at", "2020-08-21 14:36:51.544011"]]
  [1m[35m (0.5ms)[0m  [1m[35mCOMMIT[0m
  [1m[35m (0.1ms)[0m  [1m[35mBEGIN[0m
  [1m[36mUser Load (0.1ms)[0m  [1m[34mSELECT  "users".* FROM "users" WHERE "users"."id" = $1 LIMIT $2[0m  [["id", 4], ["LIMIT", 1]]
  [1m[36mCat Create (0.3ms)[0m  [1m[32mINSERT INTO "cats" ("birth_date", "color", "name", "sex", "description", "created_at", "updated_at", "user_id") VALUES ($1, $2, $3, $4, $5, $6, $7, $8) RETURNING "id"[0m  [["birth_date", "2013-06-28"], ["color", "black"], ["name", "schlitz"], ["sex", "M"], ["description", "Venmo viral kinfolk yolo literally."], ["created_at", "2020-08-21 14:36:51.546798"], ["updated_at", "2020-08-21 14:36:51.546798"], ["user_id", 4]]
  [1m[35m (0.3ms)[0m  [1m[35mCOMMIT[0m
  [1m[36mCat Load (0.2ms)[0m  [1m[34mSELECT  "cats".* FROM "cats" ORDER BY "cats"."id" DESC LIMIT $1[0m  [["LIMIT", 1]]
  [1m[36mUser Load (0.2ms)[0m  [1m[34mSELECT  "users".* FROM "users" ORDER BY "users"."id" DESC LIMIT $1[0m  [["LIMIT", 1]]
  [1m[35m (0.1ms)[0m  [1m[35mBEGIN[0m
  [1m[36mCatRentalRequest Exists (0.3ms)[0m  [1m[34mSELECT  1 AS one FROM "cat_rental_requests" WHERE "cat_rental_requests"."id" IS NOT NULL AND "cat_rental_requests"."cat_id" = $1 AND NOT (start_date > '2019-01-28' OR end_date < '2019-01-01') AND (status = 'APPROVED') LIMIT $2[0m  [["cat_id", 4], ["LIMIT", 1]]
  [1m[36mCat Load (0.2ms)[0m  [1m[34mSELECT  "cats".* FROM "cats" WHERE "cats"."id" = $1 LIMIT $2[0m  [["id", 4], ["LIMIT", 1]]
  [1m[36mUser Load (0.1ms)[0m  [1m[34mSELECT  "users".* FROM "users" WHERE "users"."id" = $1 LIMIT $2[0m  [["id", 4], ["LIMIT", 1]]
  [1m[36mCatRentalRequest Create (0.3ms)[0m  [1m[32mINSERT INTO "cat_rental_requests" ("cat_id", "end_date", "start_date", "status", "created_at", "updated_at", "user_id") VALUES ($1, $2, $3, $4, $5, $6, $7) RETURNING "id"[0m  [["cat_id", 4], ["end_date", "2019-01-28"], ["start_date", "2019-01-01"], ["status", "APPROVED"], ["created_at", "2020-08-21 14:36:51.551836"], ["updated_at", "2020-08-21 14:36:51.551836"], ["user_id", 4]]
  [1m[35m (0.3ms)[0m  [1m[35mCOMMIT[0m
  [1m[35m (0.1ms)[0m  [1m[35mBEGIN[0m
  [1m[36mUser Exists (0.3ms)[0m  [1m[34mSELECT  1 AS one FROM "users" WHERE "users"."username" = $1 LIMIT $2[0m  [["username", "Doloris Crona VM"], ["LIMIT", 1]]
  [1m[36mUser Exists (0.4ms)[0m  [1m[34mSELECT  1 AS one FROM "users" WHERE "users"."session_token" = $1 LIMIT $2[0m  [["session_token", "apWvZDlfWBpZ5jjleMgroQ"], ["LIMIT", 1]]
  [1m[36mUser Create (0.3ms)[0m  [1m[32mINSERT INTO "users" ("password_digest", "session_token", "username", "created_at", "updated_at") VALUES ($1, $2, $3, $4, $5) RETURNING "id"[0m  [["password_digest", "$2a$12$uwQJtsM0uHDaZrufdb6NA.1wPlYAkuyx/HR4v0ae6Bh6rq9IJy4UC"], ["session_token", "apWvZDlfWBpZ5jjleMgroQ"], ["username", "Doloris Crona VM"], ["created_at", "2020-08-21 14:36:51.764149"], ["updated_at", "2020-08-21 14:36:51.764149"]]
  [1m[35m (0.4ms)[0m  [1m[35mCOMMIT[0m
  [1m[35m (0.1ms)[0m  [1m[35mBEGIN[0m
  [1m[36mUser Load (0.2ms)[0m  [1m[34mSELECT  "users".* FROM "users" WHERE "users"."id" = $1 LIMIT $2[0m  [["id", 5], ["LIMIT", 1]]
  [1m[36mCat Create (0.4ms)[0m  [1m[32mINSERT INTO "cats" ("birth_date", "color", "name", "sex", "description", "created_at", "updated_at", "user_id") VALUES ($1, $2, $3, $4, $5, $6, $7, $8) RETURNING "id"[0m  [["birth_date", "2014-12-29"], ["color", "black"], ["name", "austin"], ["sex", "F"], ["description", "Pop-up knausgaard waistcoat +1."], ["created_at", "2020-08-21 14:36:51.767132"], ["updated_at", "2020-08-21 14:36:51.767132"], ["user_id", 5]]
  [1m[35m (0.3ms)[0m  [1m[35mCOMMIT[0m
  [1m[36mCat Load (0.3ms)[0m  [1m[34mSELECT  "cats".* FROM "cats" ORDER BY "cats"."id" DESC LIMIT $1[0m  [["LIMIT", 1]]
  [1m[36mUser Load (0.2ms)[0m  [1m[34mSELECT  "users".* FROM "users" ORDER BY "users"."id" DESC LIMIT $1[0m  [["LIMIT", 1]]
  [1m[35m (0.1ms)[0m  [1m[35mBEGIN[0m
  [1m[36mCatRentalRequest Exists (0.3ms)[0m  [1m[34mSELECT  1 AS one FROM "cat_rental_requests" WHERE "cat_rental_requests"."id" IS NOT NULL AND "cat_rental_requests"."cat_id" = $1 AND NOT (start_date > '2019-01-28' OR end_date < '2019-01-01') AND (status = 'APPROVED') LIMIT $2[0m  [["cat_id", 5], ["LIMIT", 1]]
  [1m[36mCat Load (0.3ms)[0m  [1m[34mSELECT  "cats".* FROM "cats" WHERE "cats"."id" = $1 LIMIT $2[0m  [["id", 5], ["LIMIT", 1]]
  [1m[36mUser Load (0.1ms)[0m  [1m[34mSELECT  "users".* FROM "users" WHERE "users"."id" = $1 LIMIT $2[0m  [["id", 5], ["LIMIT", 1]]
  [1m[36mCatRentalRequest Create (0.3ms)[0m  [1m[32mINSERT INTO "cat_rental_requests" ("cat_id", "end_date", "start_date", "status", "created_at", "updated_at", "user_id") VALUES ($1, $2, $3, $4, $5, $6, $7) RETURNING "id"[0m  [["cat_id", 5], ["end_date", "2019-01-28"], ["start_date", "2019-01-01"], ["status", "APPROVED"], ["created_at", "2020-08-21 14:36:51.772271"], ["updated_at", "2020-08-21 14:36:51.772271"], ["user_id", 5]]
  [1m[35m (0.3ms)[0m  [1m[35mCOMMIT[0m
  [1m[35m (0.2ms)[0m  [1m[35mBEGIN[0m
  [1m[36mUser Exists (0.3ms)[0m  [1m[34mSELECT  1 AS one FROM "users" WHERE "users"."username" = $1 LIMIT $2[0m  [["username", "Ms. Clifton Carter"], ["LIMIT", 1]]
  [1m[36mUser Exists (0.2ms)[0m  [1m[34mSELECT  1 AS one FROM "users" WHERE "users"."session_token" = $1 LIMIT $2[0m  [["session_token", "NaMUpRRjH7XHWmt3uPXz3A"], ["LIMIT", 1]]
  [1m[36mUser Create (0.3ms)[0m  [1m[32mINSERT INTO "users" ("password_digest", "session_token", "username", "created_at", "updated_at") VALUES ($1, $2, $3, $4, $5) RETURNING "id"[0m  [["password_digest", "$2a$12$7WvJ7.Dtl9K/6Oogp89zweQEoutu5q2yKzm1QJhPI9TMVaKhgGlr2"], ["session_token", "NaMUpRRjH7XHWmt3uPXz3A"], ["username", "Ms. Clifton Carter"], ["created_at", "2020-08-21 14:36:51.984424"], ["updated_at", "2020-08-21 14:36:51.984424"]]
  [1m[35m (0.6ms)[0m  [1m[35mCOMMIT[0m
  [1m[35m (0.1ms)[0m  [1m[35mBEGIN[0m
  [1m[36mUser Load (0.1ms)[0m  [1m[34mSELECT  "users".* FROM "users" WHERE "users"."id" = $1 LIMIT $2[0m  [["id", 6], ["LIMIT", 1]]
  [1m[36mCat Create (0.4ms)[0m  [1m[32mINSERT INTO "cats" ("birth_date", "color", "name", "sex", "description", "created_at", "updated_at", "user_id") VALUES ($1, $2, $3, $4, $5, $6, $7, $8) RETURNING "id"[0m  [["birth_date", "2010-11-29"], ["color", "orange"], ["name", "plaid"], ["sex", "F"], ["description", "Art party intelligentsia echo salvia wes anderson."], ["created_at", "2020-08-21 14:36:51.987288"], ["updated_at", "2020-08-21 14:36:51.987288"], ["user_id", 6]]
  [1m[35m (0.3ms)[0m  [1m[35mCOMMIT[0m
  [1m[36mCat Load (0.5ms)[0m  [1m[34mSELECT  "cats".* FROM "cats" ORDER BY "cats"."id" DESC LIMIT $1[0m  [["LIMIT", 1]]
  [1m[36mUser Load (0.5ms)[0m  [1m[34mSELECT  "users".* FROM "users" ORDER BY "users"."id" DESC LIMIT $1[0m  [["LIMIT", 1]]
  [1m[35m (0.1ms)[0m  [1m[35mBEGIN[0m
  [1m[36mCatRentalRequest Exists (0.4ms)[0m  [1m[34mSELECT  1 AS one FROM "cat_rental_requests" WHERE "cat_rental_requests"."id" IS NOT NULL AND "cat_rental_requests"."cat_id" = $1 AND NOT (start_date > '2019-01-28' OR end_date < '2019-01-01') AND (status = 'APPROVED') LIMIT $2[0m  [["cat_id", 6], ["LIMIT", 1]]
  [1m[36mCat Load (0.3ms)[0m  [1m[34mSELECT  "cats".* FROM "cats" WHERE "cats"."id" = $1 LIMIT $2[0m  [["id", 6], ["LIMIT", 1]]
  [1m[36mUser Load (0.2ms)[0m  [1m[34mSELECT  "users".* FROM "users" WHERE "users"."id" = $1 LIMIT $2[0m  [["id", 6], ["LIMIT", 1]]
  [1m[36mCatRentalRequest Create (0.4ms)[0m  [1m[32mINSERT INTO "cat_rental_requests" ("cat_id", "end_date", "start_date", "status", "created_at", "updated_at", "user_id") VALUES ($1, $2, $3, $4, $5, $6, $7) RETURNING "id"[0m  [["cat_id", 6], ["end_date", "2019-01-28"], ["start_date", "2019-01-01"], ["status", "APPROVED"], ["created_at", "2020-08-21 14:36:51.994243"], ["updated_at", "2020-08-21 14:36:51.994243"], ["user_id", 6]]
  [1m[35m (0.3ms)[0m  [1m[35mCOMMIT[0m
  [1m[35m (0.2ms)[0m  [1m[35mBEGIN[0m
  [1m[36mUser Exists (0.4ms)[0m  [1m[34mSELECT  1 AS one FROM "users" WHERE "users"."username" = $1 LIMIT $2[0m  [["username", "Kristy Dare Ret."], ["LIMIT", 1]]
  [1m[36mUser Exists (0.2ms)[0m  [1m[34mSELECT  1 AS one FROM "users" WHERE "users"."session_token" = $1 LIMIT $2[0m  [["session_token", "-HVjOsx_zfAvqXxSGBpxjw"], ["LIMIT", 1]]
  [1m[36mUser Create (0.4ms)[0m  [1m[32mINSERT INTO "users" ("password_digest", "session_token", "username", "created_at", "updated_at") VALUES ($1, $2, $3, $4, $5) RETURNING "id"[0m  [["password_digest", "$2a$12$jBpaAwBm327iQAvhuI7xauVx/0jgijWjYG4pf0.iIkh.tbx2n7M6e"], ["session_token", "-HVjOsx_zfAvqXxSGBpxjw"], ["username", "Kristy Dare Ret."], ["created_at", "2020-08-21 14:36:52.207188"], ["updated_at", "2020-08-21 14:36:52.207188"]]
  [1m[35m (0.6ms)[0m  [1m[35mCOMMIT[0m
  [1m[35m (0.1ms)[0m  [1m[35mBEGIN[0m
  [1m[36mUser Load (0.1ms)[0m  [1m[34mSELECT  "users".* FROM "users" WHERE "users"."id" = $1 LIMIT $2[0m  [["id", 7], ["LIMIT", 1]]
  [1m[36mCat Create (0.3ms)[0m  [1m[32mINSERT INTO "cats" ("birth_date", "color", "name", "sex", "description", "created_at", "updated_at", "user_id") VALUES ($1, $2, $3, $4, $5, $6, $7, $8) RETURNING "id"[0m  [["birth_date", "2013-04-26"], ["color", "black"], ["name", "try-hard"], ["sex", "M"], ["description", "Carry pop-up marfa ethical blue bottle pickled tattooed umami."], ["created_at", "2020-08-21 14:36:52.210497"], ["updated_at", "2020-08-21 14:36:52.210497"], ["user_id", 7]]
  [1m[35m (0.2ms)[0m  [1m[35mCOMMIT[0m
  [1m[36mCat Load (0.2ms)[0m  [1m[34mSELECT  "cats".* FROM "cats" ORDER BY "cats"."id" DESC LIMIT $1[0m  [["LIMIT", 1]]
  [1m[36mUser Load (0.2ms)[0m  [1m[34mSELECT  "users".* FROM "users" ORDER BY "users"."id" DESC LIMIT $1[0m  [["LIMIT", 1]]
  [1m[35m (0.1ms)[0m  [1m[35mBEGIN[0m
  [1m[36mCatRentalRequest Exists (0.4ms)[0m  [1m[34mSELECT  1 AS one FROM "cat_rental_requests" WHERE "cat_rental_requests"."id" IS NOT NULL AND "cat_rental_requests"."cat_id" = $1 AND NOT (start_date > '2019-01-28' OR end_date < '2019-01-01') AND (status = 'APPROVED') LIMIT $2[0m  [["cat_id", 7], ["LIMIT", 1]]
  [1m[36mCat Load (0.2ms)[0m  [1m[34mSELECT  "cats".* FROM "cats" WHERE "cats"."id" = $1 LIMIT $2[0m  [["id", 7], ["LIMIT", 1]]
  [1m[36mUser Load (0.1ms)[0m  [1m[34mSELECT  "users".* FROM "users" WHERE "users"."id" = $1 LIMIT $2[0m  [["id", 7], ["LIMIT", 1]]
  [1m[36mCatRentalRequest Create (0.3ms)[0m  [1m[32mINSERT INTO "cat_rental_requests" ("cat_id", "end_date", "start_date", "status", "created_at", "updated_at", "user_id") VALUES ($1, $2, $3, $4, $5, $6, $7) RETURNING "id"[0m  [["cat_id", 7], ["end_date", "2019-01-28"], ["start_date", "2019-01-01"], ["status", "APPROVED"], ["created_at", "2020-08-21 14:36:52.215331"], ["updated_at", "2020-08-21 14:36:52.215331"], ["user_id", 7]]
  [1m[35m (0.2ms)[0m  [1m[35mCOMMIT[0m
  [1m[35m (0.1ms)[0m  [1m[35mBEGIN[0m
  [1m[36mUser Exists (0.3ms)[0m  [1m[34mSELECT  1 AS one FROM "users" WHERE "users"."username" = $1 LIMIT $2[0m  [["username", "Alexandra Torp"], ["LIMIT", 1]]
  [1m[36mUser Exists (0.2ms)[0m  [1m[34mSELECT  1 AS one FROM "users" WHERE "users"."session_token" = $1 LIMIT $2[0m  [["session_token", "9pniYlmt3-VjXqjBxjJZsg"], ["LIMIT", 1]]
  [1m[36mUser Create (0.3ms)[0m  [1m[32mINSERT INTO "users" ("password_digest", "session_token", "username", "created_at", "updated_at") VALUES ($1, $2, $3, $4, $5) RETURNING "id"[0m  [["password_digest", "$2a$12$LiH8IlcOWgUDMYee0dS2zekE39/2XyuJA1Rl2tpuQPh88KPJ/rhza"], ["session_token", "9pniYlmt3-VjXqjBxjJZsg"], ["username", "Alexandra Torp"], ["created_at", "2020-08-21 14:36:52.427361"], ["updated_at", "2020-08-21 14:36:52.427361"]]
  [1m[35m (0.4ms)[0m  [1m[35mCOMMIT[0m
  [1m[35m (0.1ms)[0m  [1m[35mBEGIN[0m
  [1m[36mUser Load (0.1ms)[0m  [1m[34mSELECT  "users".* FROM "users" WHERE "users"."id" = $1 LIMIT $2[0m  [["id", 8], ["LIMIT", 1]]
  [1m[36mCat Create (0.5ms)[0m  [1m[32mINSERT INTO "cats" ("birth_date", "color", "name", "sex", "description", "created_at", "updated_at", "user_id") VALUES ($1, $2, $3, $4, $5, $6, $7, $8) RETURNING "id"[0m  [["birth_date", "2013-07-15"], ["color", "white"], ["name", "viral"], ["sex", "F"], ["description", "Chillwave readymade pitchfork paleo farm-to-table."], ["created_at", "2020-08-21 14:36:52.430219"], ["updated_at", "2020-08-21 14:36:52.430219"], ["user_id", 8]]
  [1m[35m (0.3ms)[0m  [1m[35mCOMMIT[0m
  [1m[36mCat Load (0.2ms)[0m  [1m[34mSELECT  "cats".* FROM "cats" ORDER BY "cats"."id" DESC LIMIT $1[0m  [["LIMIT", 1]]
  [1m[36mUser Load (0.2ms)[0m  [1m[34mSELECT  "users".* FROM "users" ORDER BY "users"."id" DESC LIMIT $1[0m  [["LIMIT", 1]]
  [1m[35m (0.1ms)[0m  [1m[35mBEGIN[0m
  [1m[36mCatRentalRequest Exists (0.4ms)[0m  [1m[34mSELECT  1 AS one FROM "cat_rental_requests" WHERE "cat_rental_requests"."id" IS NOT NULL AND "cat_rental_requests"."cat_id" = $1 AND NOT (start_date > '2019-01-28' OR end_date < '2019-01-01') AND (status = 'APPROVED') LIMIT $2[0m  [["cat_id", 8], ["LIMIT", 1]]
  [1m[36mCat Load (0.2ms)[0m  [1m[34mSELECT  "cats".* FROM "cats" WHERE "cats"."id" = $1 LIMIT $2[0m  [["id", 8], ["LIMIT", 1]]
  [1m[36mUser Load (0.1ms)[0m  [1m[34mSELECT  "users".* FROM "users" WHERE "users"."id" = $1 LIMIT $2[0m  [["id", 8], ["LIMIT", 1]]
  [1m[36mCatRentalRequest Create (0.3ms)[0m  [1m[32mINSERT INTO "cat_rental_requests" ("cat_id", "end_date", "start_date", "status", "created_at", "updated_at", "user_id") VALUES ($1, $2, $3, $4, $5, $6, $7) RETURNING "id"[0m  [["cat_id", 8], ["end_date", "2019-01-28"], ["start_date", "2019-01-01"], ["status", "APPROVED"], ["created_at", "2020-08-21 14:36:52.435572"], ["updated_at", "2020-08-21 14:36:52.435572"], ["user_id", 8]]
  [1m[35m (0.3ms)[0m  [1m[35mCOMMIT[0m
  [1m[35m (0.2ms)[0m  [1m[35mBEGIN[0m
  [1m[36mUser Exists (0.3ms)[0m  [1m[34mSELECT  1 AS one FROM "users" WHERE "users"."username" = $1 LIMIT $2[0m  [["username", "Marti Runolfsson"], ["LIMIT", 1]]
  [1m[36mUser Exists (0.2ms)[0m  [1m[34mSELECT  1 AS one FROM "users" WHERE "users"."session_token" = $1 LIMIT $2[0m  [["session_token", "uSqlFscsWIk45cmo_u63_Q"], ["LIMIT", 1]]
  [1m[36mUser Create (0.3ms)[0m  [1m[32mINSERT INTO "users" ("password_digest", "session_token", "username", "created_at", "updated_at") VALUES ($1, $2, $3, $4, $5) RETURNING "id"[0m  [["password_digest", "$2a$12$kYBQS65BfFjRNkn3qoNCnug8947I91qNvfNBTl8FWGWHe1Otw8MzK"], ["session_token", "uSqlFscsWIk45cmo_u63_Q"], ["username", "Marti Runolfsson"], ["created_at", "2020-08-21 14:36:52.647969"], ["updated_at", "2020-08-21 14:36:52.647969"]]
  [1m[35m (0.3ms)[0m  [1m[35mCOMMIT[0m
  [1m[35m (0.1ms)[0m  [1m[35mBEGIN[0m
  [1m[36mUser Load (0.1ms)[0m  [1m[34mSELECT  "users".* FROM "users" WHERE "users"."id" = $1 LIMIT $2[0m  [["id", 9], ["LIMIT", 1]]
  [1m[36mCat Create (0.3ms)[0m  [1m[32mINSERT INTO "cats" ("birth_date", "color", "name", "sex", "description", "created_at", "updated_at", "user_id") VALUES ($1, $2, $3, $4, $5, $6, $7, $8) RETURNING "id"[0m  [["birth_date", "2019-11-27"], ["color", "brown"], ["name", "post-ironic"], ["sex", "F"], ["description", "Cold-pressed blue bottle godard normcore pour-over crucifix."], ["created_at", "2020-08-21 14:36:52.650480"], ["updated_at", "2020-08-21 14:36:52.650480"], ["user_id", 9]]
  [1m[35m (0.2ms)[0m  [1m[35mCOMMIT[0m
  [1m[36mCat Load (0.2ms)[0m  [1m[34mSELECT  "cats".* FROM "cats" ORDER BY "cats"."id" DESC LIMIT $1[0m  [["LIMIT", 1]]
  [1m[36mUser Load (0.1ms)[0m  [1m[34mSELECT  "users".* FROM "users" ORDER BY "users"."id" DESC LIMIT $1[0m  [["LIMIT", 1]]
  [1m[35m (0.1ms)[0m  [1m[35mBEGIN[0m
  [1m[36mCatRentalRequest Exists (0.4ms)[0m  [1m[34mSELECT  1 AS one FROM "cat_rental_requests" WHERE "cat_rental_requests"."id" IS NOT NULL AND "cat_rental_requests"."cat_id" = $1 AND NOT (start_date > '2019-01-28' OR end_date < '2019-01-01') AND (status = 'APPROVED') LIMIT $2[0m  [["cat_id", 9], ["LIMIT", 1]]
  [1m[36mCat Load (0.1ms)[0m  [1m[34mSELECT  "cats".* FROM "cats" WHERE "cats"."id" = $1 LIMIT $2[0m  [["id", 9], ["LIMIT", 1]]
  [1m[36mUser Load (0.1ms)[0m  [1m[34mSELECT  "users".* FROM "users" WHERE "users"."id" = $1 LIMIT $2[0m  [["id", 9], ["LIMIT", 1]]
  [1m[36mCatRentalRequest Create (0.2ms)[0m  [1m[32mINSERT INTO "cat_rental_requests" ("cat_id", "end_date", "start_date", "status", "created_at", "updated_at", "user_id") VALUES ($1, $2, $3, $4, $5, $6, $7) RETURNING "id"[0m  [["cat_id", 9], ["end_date", "2019-01-28"], ["start_date", "2019-01-01"], ["status", "APPROVED"], ["created_at", "2020-08-21 14:36:52.655202"], ["updated_at", "2020-08-21 14:36:52.655202"], ["user_id", 9]]
  [1m[35m (0.2ms)[0m  [1m[35mCOMMIT[0m
  [1m[35m (0.2ms)[0m  [1m[35mBEGIN[0m
  [1m[36mUser Exists (0.3ms)[0m  [1m[34mSELECT  1 AS one FROM "users" WHERE "users"."username" = $1 LIMIT $2[0m  [["username", "Sung Abbott"], ["LIMIT", 1]]
  [1m[36mUser Exists (0.3ms)[0m  [1m[34mSELECT  1 AS one FROM "users" WHERE "users"."session_token" = $1 LIMIT $2[0m  [["session_token", "5hZTgolHYX8NQ8WlpubZpw"], ["LIMIT", 1]]
  [1m[36mUser Create (0.3ms)[0m  [1m[32mINSERT INTO "users" ("password_digest", "session_token", "username", "created_at", "updated_at") VALUES ($1, $2, $3, $4, $5) RETURNING "id"[0m  [["password_digest", "$2a$12$/k/dtmn7sbBwoZOmvEpND.laneg2Top6Oein0CZES285MxOXzZGDe"], ["session_token", "5hZTgolHYX8NQ8WlpubZpw"], ["username", "Sung Abbott"], ["created_at", "2020-08-21 14:36:52.868203"], ["updated_at", "2020-08-21 14:36:52.868203"]]
  [1m[35m (0.3ms)[0m  [1m[35mCOMMIT[0m
  [1m[35m (0.1ms)[0m  [1m[35mBEGIN[0m
  [1m[36mUser Load (0.1ms)[0m  [1m[34mSELECT  "users".* FROM "users" WHERE "users"."id" = $1 LIMIT $2[0m  [["id", 10], ["LIMIT", 1]]
  [1m[36mCat Create (0.4ms)[0m  [1m[32mINSERT INTO "cats" ("birth_date", "color", "name", "sex", "description", "created_at", "updated_at", "user_id") VALUES ($1, $2, $3, $4, $5, $6, $7, $8) RETURNING "id"[0m  [["birth_date", "2015-06-01"], ["color", "brown"], ["name", "everyday"], ["sex", "M"], ["description", "Jean shorts small batch kinfolk squid."], ["created_at", "2020-08-21 14:36:52.870749"], ["updated_at", "2020-08-21 14:36:52.870749"], ["user_id", 10]]
  [1m[35m (0.3ms)[0m  [1m[35mCOMMIT[0m
  [1m[36mCat Load (0.3ms)[0m  [1m[34mSELECT  "cats".* FROM "cats" ORDER BY "cats"."id" DESC LIMIT $1[0m  [["LIMIT", 1]]
  [1m[36mUser Load (0.2ms)[0m  [1m[34mSELECT  "users".* FROM "users" ORDER BY "users"."id" DESC LIMIT $1[0m  [["LIMIT", 1]]
  [1m[35m (0.2ms)[0m  [1m[35mBEGIN[0m
  [1m[36mCatRentalRequest Exists (0.4ms)[0m  [1m[34mSELECT  1 AS one FROM "cat_rental_requests" WHERE "cat_rental_requests"."id" IS NOT NULL AND "cat_rental_requests"."cat_id" = $1 AND NOT (start_date > '2019-01-28' OR end_date < '2019-01-01') AND (status = 'APPROVED') LIMIT $2[0m  [["cat_id", 10], ["LIMIT", 1]]
  [1m[36mCat Load (0.1ms)[0m  [1m[34mSELECT  "cats".* FROM "cats" WHERE "cats"."id" = $1 LIMIT $2[0m  [["id", 10], ["LIMIT", 1]]
  [1m[36mUser Load (0.1ms)[0m  [1m[34mSELECT  "users".* FROM "users" WHERE "users"."id" = $1 LIMIT $2[0m  [["id", 10], ["LIMIT", 1]]
  [1m[36mCatRentalRequest Create (0.3ms)[0m  [1m[32mINSERT INTO "cat_rental_requests" ("cat_id", "end_date", "start_date", "status", "created_at", "updated_at", "user_id") VALUES ($1, $2, $3, $4, $5, $6, $7) RETURNING "id"[0m  [["cat_id", 10], ["end_date", "2019-01-28"], ["start_date", "2019-01-01"], ["status", "APPROVED"], ["created_at", "2020-08-21 14:36:52.876230"], ["updated_at", "2020-08-21 14:36:52.876230"], ["user_id", 10]]
  [1m[35m (0.3ms)[0m  [1m[35mCOMMIT[0m
Started GET "/" for ::1 at 2020-08-21 10:37:00 -0400
  [1m[35m (0.8ms)[0m  [1m[34mSELECT "schema_migrations"."version" FROM "schema_migrations" ORDER BY "schema_migrations"."version" ASC[0m
Started GET "/cats" for ::1 at 2020-08-21 10:37:00 -0400
Processing by CatsController#index as HTML
  Rendering cats/index.html.erb within layouts/application
  [1m[36mCat Load (0.6ms)[0m  [1m[34mSELECT "cats".* FROM "cats"[0m
  Rendered cats/index.html.erb within layouts/application (16.9ms)
Completed 200 OK in 981ms (Views: 966.3ms | ActiveRecord: 6.7ms)


Started GET "/users/new" for ::1 at 2020-08-21 10:37:08 -0400
Processing by UsersController#new as HTML
  Rendering users/new.html.erb within layouts/application
  Rendered shared/_errors.html.erb (0.6ms)
  Rendered users/new.html.erb within layouts/application (4.5ms)
Completed 200 OK in 69ms (Views: 50.3ms | ActiveRecord: 8.6ms)


Started GET "/cats" for ::1 at 2020-08-21 10:37:12 -0400
Processing by CatsController#index as HTML
  Rendering cats/index.html.erb within layouts/application
  [1m[36mCat Load (0.7ms)[0m  [1m[34mSELECT "cats".* FROM "cats"[0m
  Rendered cats/index.html.erb within layouts/application (2.5ms)
Completed 200 OK in 27ms (Views: 25.8ms | ActiveRecord: 0.7ms)


